<?xml version="1.0" encoding="UTF-8"?>
<!-- Generated by org.testng.reporters.JUnitXMLReporter -->
<testsuite ignored="2" hostname="DESKTOP-KKJM9PC" failures="1" tests="2" name="Command line test" time="3.814" errors="0" timestamp="2024-07-15T18:57:08 BRT">
  <testcase classname="mantis.tests.LoginTest" name="testLogin" time="3.801"/>
  <testcase classname="mantis.tests.MinhaVisaoTest" name="testLogin" time="0.0">
    <failure type="java.lang.NullPointerException" message="Cannot invoke &amp;quot;org.openqa.selenium.WebDriver.getTitle()&amp;quot; because &amp;quot;this.driver&amp;quot; is null">
      <![CDATA[java.lang.NullPointerException: Cannot invoke "org.openqa.selenium.WebDriver.getTitle()" because "this.driver" is null
at mantis.utils.AssertionHelper.validarTituloDaPagina(AssertionHelper.java:14)
at mantis.pages.MinhaVisaoPage.validaTituloDaPaginaMinhaVisao(MinhaVisaoPage.java:20)
at mantis.tests.MinhaVisaoTest.testLogin(MinhaVisaoTest.java:17)
at java.base/java.util.ArrayList.forEach(Unknown Source)
at mantis.tests.TestSuite.main(TestSuite.java:15)
... Removed 24 stack frames]]>
    </failure>
  </testcase> <!-- testLogin -->
  <testcase classname="mantis.tests.BaseTest" name="@AfterSuite tearDownSuite" time="0.0">
    <ignored/>
  </testcase> <!-- @AfterSuite tearDownSuite -->
  <testcase classname="mantis.tests.BaseTest" name="@BeforeSuite setUpSuite" time="0.0">
    <ignored/>
  </testcase> <!-- @BeforeSuite setUpSuite -->
</testsuite> <!-- Command line test -->
