<?xml version="1.0" encoding="UTF-8"?>
<testng-results ignored="0" total="2" passed="1" failed="1" skipped="0">
  <reporter-output>
  </reporter-output>
  <suite started-at="2024-07-15T18:57:05 BRT" name="Command line suite" finished-at="2024-07-15T18:57:08 BRT" duration-ms="3814">
    <groups>
    </groups>
    <test started-at="2024-07-15T18:57:05 BRT" name="Command line test" finished-at="2024-07-15T18:57:08 BRT" duration-ms="3814">
      <class name="mantis.tests.LoginTest">
        <test-method is-config="true" signature="setUpSuite()[pri:0, instance:mantis.tests.LoginTest@6e171cd7]" started-at="2024-07-15T18:57:01 BRT" name="setUpSuite" finished-at="2024-07-15T18:57:05 BRT" duration-ms="3205" status="PASS">
          <reporter-output>
          </reporter-output>
        </test-method> <!-- setUpSuite -->
        <test-method signature="testLogin()[pri:0, instance:mantis.tests.LoginTest@6e171cd7]" started-at="2024-07-15T18:57:05 BRT" name="testLogin" finished-at="2024-07-15T18:57:08 BRT" duration-ms="3801" status="PASS">
          <reporter-output>
          </reporter-output>
        </test-method> <!-- testLogin -->
        <test-method is-config="true" signature="tearDownSuite()[pri:0, instance:mantis.tests.LoginTest@6e171cd7]" started-at="2024-07-15T18:57:08 BRT" name="tearDownSuite" finished-at="2024-07-15T18:57:09 BRT" duration-ms="166" status="PASS">
          <reporter-output>
          </reporter-output>
        </test-method> <!-- tearDownSuite -->
      </class> <!-- mantis.tests.LoginTest -->
      <class name="mantis.tests.MinhaVisaoTest">
        <test-method signature="testLogin()[pri:0, instance:mantis.tests.MinhaVisaoTest@1d9b7cce]" started-at="2024-07-15T18:57:08 BRT" name="testLogin" finished-at="2024-07-15T18:57:08 BRT" duration-ms="0" status="FAIL">
          <exception class="java.lang.NullPointerException">
            <message>
              <![CDATA[Cannot invoke "org.openqa.selenium.WebDriver.getTitle()" because "this.driver" is null]]>
            </message>
            <full-stacktrace>
              <![CDATA[java.lang.NullPointerException: Cannot invoke "org.openqa.selenium.WebDriver.getTitle()" because "this.driver" is null
at mantis.utils.AssertionHelper.validarTituloDaPagina(AssertionHelper.java:14)
at mantis.pages.MinhaVisaoPage.validaTituloDaPaginaMinhaVisao(MinhaVisaoPage.java:20)
at mantis.tests.MinhaVisaoTest.testLogin(MinhaVisaoTest.java:17)
at java.base/jdk.internal.reflect.NativeMethodAccessorImpl.invoke0(Native Method)
at java.base/jdk.internal.reflect.NativeMethodAccessorImpl.invoke(Unknown Source)
at java.base/jdk.internal.reflect.DelegatingMethodAccessorImpl.invoke(Unknown Source)
at java.base/java.lang.reflect.Method.invoke(Unknown Source)
at org.testng.internal.invokers.MethodInvocationHelper.invokeMethod(MethodInvocationHelper.java:139)
at org.testng.internal.invokers.TestInvoker.invokeMethod(TestInvoker.java:664)
at org.testng.internal.invokers.TestInvoker.invokeTestMethod(TestInvoker.java:228)
at org.testng.internal.invokers.MethodRunner.runInSequence(MethodRunner.java:63)
at org.testng.internal.invokers.TestInvoker$MethodInvocationAgent.invoke(TestInvoker.java:961)
at org.testng.internal.invokers.TestInvoker.invokeTestMethods(TestInvoker.java:201)
at org.testng.internal.invokers.TestMethodWorker.invokeTestMethods(TestMethodWorker.java:148)
at org.testng.internal.invokers.TestMethodWorker.run(TestMethodWorker.java:128)
at java.base/java.util.ArrayList.forEach(Unknown Source)
at org.testng.TestRunner.privateRun(TestRunner.java:819)
at org.testng.TestRunner.run(TestRunner.java:619)
at org.testng.SuiteRunner.runTest(SuiteRunner.java:443)
at org.testng.SuiteRunner.runSequentially(SuiteRunner.java:437)
at org.testng.SuiteRunner.privateRun(SuiteRunner.java:397)
at org.testng.SuiteRunner.run(SuiteRunner.java:336)
at org.testng.SuiteRunnerWorker.runSuite(SuiteRunnerWorker.java:52)
at org.testng.SuiteRunnerWorker.run(SuiteRunnerWorker.java:95)
at org.testng.TestNG.runSuitesSequentially(TestNG.java:1301)
at org.testng.TestNG.runSuitesLocally(TestNG.java:1228)
at org.testng.TestNG.runSuites(TestNG.java:1134)
at org.testng.TestNG.run(TestNG.java:1101)
at mantis.tests.TestSuite.main(TestSuite.java:15)
]]>
            </full-stacktrace>
          </exception> <!-- java.lang.NullPointerException -->
          <reporter-output>
          </reporter-output>
        </test-method> <!-- testLogin -->
      </class> <!-- mantis.tests.MinhaVisaoTest -->
    </test> <!-- Command line test -->
  </suite> <!-- Command line suite -->
</testng-results>
